# JRE version: OpenJDK Runtime Environment (11.0.11+9) (build 11.0.11+9-Ubuntu-0ubuntu2.18.04)
# Java VM: OpenJDK 64-Bit Server VM (11.0.11+9-Ubuntu-0ubuntu2.18.04, mixed mode, sharing, tiered, compressed oops, g1 gc, linux-amd64)
Heap:
 garbage-first heap   total 237568K, used 145174K [0x0000000083000000, 0x0000000100000000)
  region size 1024K, 125 young (128000K), 3 survivors (3072K)
 Metaspace       used 28806K, capacity 29554K, committed 30080K, reserved 1075200K
  class space    used 3270K, capacity 3608K, committed 3712K, reserved 1048576K
GC Heap History (20 events):
Event: 144.001 GC heap before
{Heap before GC invocations=42 (full 1):
 garbage-first heap   total 94208K, used 74426K [0x0000000083000000, 0x0000000100000000)
  region size 1024K, 55 young (56320K), 2 survivors (2048K)
 Metaspace       used 24787K, capacity 25525K, committed 25856K, reserved 1071104K
  class space    used 2925K, capacity 3261K, committed 3328K, reserved 1048576K
}
Event: 144.003 GC heap after
{Heap after GC invocations=43 (full 1):
 garbage-first heap   total 94208K, used 20308K [0x0000000083000000, 0x0000000100000000)
  region size 1024K, 2 young (2048K), 2 survivors (2048K)
 Metaspace       used 24787K, capacity 25525K, committed 25856K, reserved 1071104K
  class space    used 2925K, capacity 3261K, committed 3328K, reserved 1048576K
}
Event: 144.037 GC heap before
{Heap before GC invocations=43 (full 1):
 garbage-first heap   total 94208K, used 74580K [0x0000000083000000, 0x0000000100000000)
  region size 1024K, 55 young (56320K), 2 survivors (2048K)
 Metaspace       used 24787K, capacity 25525K, committed 25856K, reserved 1071104K
  class space    used 2925K, capacity 3261K, committed 3328K, reserved 1048576K
}
Event: 144.040 GC heap after
{Heap after GC invocations=44 (full 1):
 garbage-first heap   total 94208K, used 20386K [0x0000000083000000, 0x0000000100000000)
  region size 1024K, 2 young (2048K), 2 survivors (2048K)
 Metaspace       used 24787K, capacity 25525K, committed 25856K, reserved 1071104K
  class space    used 2925K, capacity 3261K, committed 3328K, reserved 1048576K
}
Event: 144.081 GC heap before
{Heap before GC invocations=44 (full 1):
 garbage-first heap   total 94208K, used 74658K [0x0000000083000000, 0x0000000100000000)
  region size 1024K, 55 young (56320K), 2 survivors (2048K)
 Metaspace       used 24787K, capacity 25525K, committed 25856K, reserved 1071104K
  class space    used 2925K, capacity 3261K, committed 3328K, reserved 1048576K
}
Event: 144.084 GC heap after
{Heap after GC invocations=45 (full 1):
 garbage-first heap   total 94208K, used 20737K [0x0000000083000000, 0x0000000100000000)
  region size 1024K, 3 young (3072K), 3 survivors (3072K)
 Metaspace       used 24787K, capacity 25525K, committed 25856K, reserved 1071104K
  class space    used 2925K, capacity 3261K, committed 3328K, reserved 1048576K
}
Event: 144.118 GC heap before
{Heap before GC invocations=45 (full 1):
 garbage-first heap   total 94208K, used 73985K [0x0000000083000000, 0x0000000100000000)
  region size 1024K, 55 young (56320K), 3 survivors (3072K)
 Metaspace       used 24787K, capacity 25525K, committed 25856K, reserved 1071104K
  class space    used 2925K, capacity 3261K, committed 3328K, reserved 1048576K
}
Event: 144.120 GC heap after
{Heap after GC invocations=46 (full 1):
 garbage-first heap   total 94208K, used 20862K [0x0000000083000000, 0x0000000100000000)
  region size 1024K, 3 young (3072K), 3 survivors (3072K)
 Metaspace       used 24787K, capacity 25525K, committed 25856K, reserved 1071104K
  class space    used 2925K, capacity 3261K, committed 3328K, reserved 1048576K
}
Event: 144.153 GC heap before
{Heap before GC invocations=46 (full 1):
 garbage-first heap   total 94208K, used 74110K [0x0000000083000000, 0x0000000100000000)
  region size 1024K, 55 young (56320K), 3 survivors (3072K)
 Metaspace       used 24787K, capacity 25525K, committed 25856K, reserved 1071104K
  class space    used 2925K, capacity 3261K, committed 3328K, reserved 1048576K
}
Event: 144.157 GC heap after
{Heap after GC invocations=47 (full 1):
 garbage-first heap   total 152576K, used 20996K [0x0000000083000000, 0x0000000100000000)
  region size 1024K, 3 young (3072K), 3 survivors (3072K)
 Metaspace       used 24787K, capacity 25525K, committed 25856K, reserved 1071104K
  class space    used 2925K, capacity 3261K, committed 3328K, reserved 1048576K
}
Event: 144.250 GC heap before
{Heap before GC invocations=47 (full 1):
 garbage-first heap   total 152576K, used 101892K [0x0000000083000000, 0x0000000100000000)
  region size 1024K, 82 young (83968K), 3 survivors (3072K)
 Metaspace       used 24787K, capacity 25525K, committed 25856K, reserved 1071104K
  class space    used 2925K, capacity 3261K, committed 3328K, reserved 1048576K
}
Event: 144.253 GC heap after
{Heap after GC invocations=48 (full 1):
 garbage-first heap   total 152576K, used 21242K [0x0000000083000000, 0x0000000100000000)
  region size 1024K, 3 young (3072K), 3 survivors (3072K)
 Metaspace       used 24787K, capacity 25525K, committed 25856K, reserved 1071104K
  class space    used 2925K, capacity 3261K, committed 3328K, reserved 1048576K
}
Event: 144.305 GC heap before
{Heap before GC invocations=48 (full 1):
 garbage-first heap   total 152576K, used 105210K [0x0000000083000000, 0x0000000100000000)
  region size 1024K, 85 young (87040K), 3 survivors (3072K)
 Metaspace       used 24787K, capacity 25525K, committed 25856K, reserved 1071104K
  class space    used 2925K, capacity 3261K, committed 3328K, reserved 1048576K
}
Event: 144.307 GC heap after
{Heap after GC invocations=49 (full 1):
 garbage-first heap   total 152576K, used 21515K [0x0000000083000000, 0x0000000100000000)
  region size 1024K, 3 young (3072K), 3 survivors (3072K)
 Metaspace       used 24787K, capacity 25525K, committed 25856K, reserved 1071104K
  class space    used 2925K, capacity 3261K, committed 3328K, reserved 1048576K
}
Event: 144.359 GC heap before
{Heap before GC invocations=49 (full 1):
 garbage-first heap   total 152576K, used 108555K [0x0000000083000000, 0x0000000100000000)
  region size 1024K, 88 young (90112K), 3 survivors (3072K)
 Metaspace       used 24787K, capacity 25525K, committed 25856K, reserved 1071104K
  class space    used 2925K, capacity 3261K, committed 3328K, reserved 1048576K
}
Event: 144.361 GC heap after
{Heap after GC invocations=50 (full 1):
 garbage-first heap   total 152576K, used 21681K [0x0000000083000000, 0x0000000100000000)
  region size 1024K, 3 young (3072K), 3 survivors (3072K)
 Metaspace       used 24787K, capacity 25525K, committed 25856K, reserved 1071104K
  class space    used 2925K, capacity 3261K, committed 3328K, reserved 1048576K
}
Event: 144.414 GC heap before
{Heap before GC invocations=50 (full 1):
 garbage-first heap   total 152576K, used 109745K [0x0000000083000000, 0x0000000100000000)
  region size 1024K, 89 young (91136K), 3 survivors (3072K)
 Metaspace       used 24787K, capacity 25525K, committed 25856K, reserved 1071104K
  class space    used 2925K, capacity 3261K, committed 3328K, reserved 1048576K
}
Event: 144.417 GC heap after
{Heap after GC invocations=51 (full 1):
 garbage-first heap   total 237568K, used 21981K [0x0000000083000000, 0x0000000100000000)
  region size 1024K, 3 young (3072K), 3 survivors (3072K)
 Metaspace       used 24787K, capacity 25525K, committed 25856K, reserved 1071104K
  class space    used 2925K, capacity 3261K, committed 3328K, reserved 1048576K
}
Event: 144.542 GC heap before
{Heap before GC invocations=51 (full 1):
 garbage-first heap   total 237568K, used 155101K [0x0000000083000000, 0x0000000100000000)
  region size 1024K, 133 young (136192K), 3 survivors (3072K)
 Metaspace       used 24787K, capacity 25525K, committed 25856K, reserved 1071104K
  class space    used 2925K, capacity 3261K, committed 3328K, reserved 1048576K
}
Event: 144.546 GC heap after
{Heap after GC invocations=52 (full 1):
 garbage-first heap   total 237568K, used 22294K [0x0000000083000000, 0x0000000100000000)
  region size 1024K, 3 young (3072K), 3 survivors (3072K)
 Metaspace       used 24787K, capacity 25525K, committed 25856K, reserved 1071104K
  class space    used 2925K, capacity 3261K, committed 3328K, reserved 1048576K
}

